# JRE version: OpenJDK Runtime Environment (21.0.8) (build 21.0.8+-14196175-b1038.72)
# Java VM: OpenJDK 64-Bit Server VM (21.0.8+-14196175-b1038.72, mixed mode, tiered, compressed oops, compressed class ptrs, g1 gc, windows-amd64)
GC Precious Log:
 CardTable entry size: 512
 Card Set container configuration: InlinePtr #cards 5 size 8 Array Of Cards #cards 12 size 40 Howl #buckets 4 coarsen threshold 1843 Howl Bitmap #cards 512 size 80 coarsen threshold 460 Card regions per heap region 1 cards per card region 2048
 CPUs: 8 total, 8 available
 Memory: 7971M
 Large Page Support: Disabled
 NUMA Support: Disabled
 Compressed Oops: Enabled (32-bit)
 Heap Region Size: 1M
 Heap Min Capacity: 8M
 Heap Initial Capacity: 126M
 Heap Max Capacity: 2G
 Pre-touch: Disabled
 Parallel Workers: 8
 Concurrent Workers: 2
 Concurrent Refinement Workers: 8
 Periodic GC: Disabled
Heap:
 garbage-first heap   total 141312K, used 106899K [0x0000000080000000, 0x0000000100000000)
  region size 1024K, 19 young (19456K), 4 survivors (4096K)
 Metaspace       used 121753K, committed 123648K, reserved 1179648K
  class space    used 16359K, committed 17280K, reserved 1048576K
GC Heap History (20 events):
Event: 26.173 GC heap before
{Heap before GC invocations=30 (full 0):
 garbage-first heap   total 99328K, used 83200K [0x0000000080000000, 0x0000000100000000)
  region size 1024K, 24 young (24576K), 3 survivors (3072K)
 Metaspace       used 91238K, committed 93120K, reserved 1179648K
  class space    used 13025K, committed 13952K, reserved 1048576K
}
Event: 26.183 GC heap after
{Heap after GC invocations=31 (full 0):
 garbage-first heap   total 99328K, used 64302K [0x0000000080000000, 0x0000000100000000)
  region size 1024K, 2 young (2048K), 2 survivors (2048K)
 Metaspace       used 91238K, committed 93120K, reserved 1179648K
  class space    used 13025K, committed 13952K, reserved 1048576K
}
Event: 26.832 GC heap before
{Heap before GC invocations=31 (full 0):
 garbage-first heap   total 99328K, used 84782K [0x0000000080000000, 0x0000000100000000)
  region size 1024K, 23 young (23552K), 2 survivors (2048K)
 Metaspace       used 93440K, committed 95360K, reserved 1179648K
  class space    used 13268K, committed 14208K, reserved 1048576K
}
Event: 26.838 GC heap after
{Heap after GC invocations=32 (full 0):
 garbage-first heap   total 99328K, used 66652K [0x0000000080000000, 0x0000000100000000)
  region size 1024K, 3 young (3072K), 3 survivors (3072K)
 Metaspace       used 93440K, committed 95360K, reserved 1179648K
  class space    used 13268K, committed 14208K, reserved 1048576K
}
Event: 27.476 GC heap before
{Heap before GC invocations=33 (full 0):
 garbage-first heap   total 112640K, used 86108K [0x0000000080000000, 0x0000000100000000)
  region size 1024K, 23 young (23552K), 3 survivors (3072K)
 Metaspace       used 95431K, committed 97280K, reserved 1179648K
  class space    used 13500K, committed 14400K, reserved 1048576K
}
Event: 27.485 GC heap after
{Heap after GC invocations=34 (full 0):
 garbage-first heap   total 112640K, used 68643K [0x0000000080000000, 0x0000000100000000)
  region size 1024K, 2 young (2048K), 2 survivors (2048K)
 Metaspace       used 95431K, committed 97280K, reserved 1179648K
  class space    used 13500K, committed 14400K, reserved 1048576K
}
Event: 28.429 GC heap before
{Heap before GC invocations=34 (full 0):
 garbage-first heap   total 112640K, used 96291K [0x0000000080000000, 0x0000000100000000)
  region size 1024K, 30 young (30720K), 2 survivors (2048K)
 Metaspace       used 99342K, committed 101184K, reserved 1179648K
  class space    used 13888K, committed 14784K, reserved 1048576K
}
Event: 28.434 GC heap after
{Heap after GC invocations=35 (full 0):
 garbage-first heap   total 112640K, used 67807K [0x0000000080000000, 0x0000000100000000)
  region size 1024K, 3 young (3072K), 3 survivors (3072K)
 Metaspace       used 99342K, committed 101184K, reserved 1179648K
  class space    used 13888K, committed 14784K, reserved 1048576K
}
Event: 29.390 GC heap before
{Heap before GC invocations=35 (full 0):
 garbage-first heap   total 112640K, used 97503K [0x0000000080000000, 0x0000000100000000)
  region size 1024K, 33 young (33792K), 3 survivors (3072K)
 Metaspace       used 103755K, committed 105664K, reserved 1179648K
  class space    used 14362K, committed 15296K, reserved 1048576K
}
Event: 29.397 GC heap after
{Heap after GC invocations=36 (full 0):
 garbage-first heap   total 112640K, used 68925K [0x0000000080000000, 0x0000000100000000)
  region size 1024K, 4 young (4096K), 4 survivors (4096K)
 Metaspace       used 103755K, committed 105664K, reserved 1179648K
  class space    used 14362K, committed 15296K, reserved 1048576K
}
Event: 30.327 GC heap before
{Heap before GC invocations=37 (full 0):
 garbage-first heap   total 116736K, used 100669K [0x0000000080000000, 0x0000000100000000)
  region size 1024K, 35 young (35840K), 4 survivors (4096K)
 Metaspace       used 106503K, committed 108352K, reserved 1179648K
  class space    used 14654K, committed 15552K, reserved 1048576K
}
Event: 30.339 GC heap after
{Heap after GC invocations=38 (full 0):
 garbage-first heap   total 116736K, used 72296K [0x0000000080000000, 0x0000000100000000)
  region size 1024K, 5 young (5120K), 5 survivors (5120K)
 Metaspace       used 106503K, committed 108352K, reserved 1179648K
  class space    used 14654K, committed 15552K, reserved 1048576K
}
Event: 31.267 GC heap before
{Heap before GC invocations=38 (full 0):
 garbage-first heap   total 116736K, used 104040K [0x0000000080000000, 0x0000000100000000)
  region size 1024K, 36 young (36864K), 5 survivors (5120K)
 Metaspace       used 110324K, committed 112256K, reserved 1179648K
  class space    used 15125K, committed 16064K, reserved 1048576K
}
Event: 31.281 GC heap after
{Heap after GC invocations=39 (full 0):
 garbage-first heap   total 140288K, used 74533K [0x0000000080000000, 0x0000000100000000)
  region size 1024K, 3 young (3072K), 3 survivors (3072K)
 Metaspace       used 110324K, committed 112256K, reserved 1179648K
  class space    used 15125K, committed 16064K, reserved 1048576K
}
Event: 32.163 GC heap before
{Heap before GC invocations=39 (full 0):
 garbage-first heap   total 140288K, used 97061K [0x0000000080000000, 0x0000000100000000)
  region size 1024K, 26 young (26624K), 3 survivors (3072K)
 Metaspace       used 113022K, committed 115008K, reserved 1179648K
  class space    used 15499K, committed 16448K, reserved 1048576K
}
Event: 32.169 GC heap after
{Heap after GC invocations=40 (full 0):
 garbage-first heap   total 140288K, used 76060K [0x0000000080000000, 0x0000000100000000)
  region size 1024K, 5 young (5120K), 5 survivors (5120K)
 Metaspace       used 113022K, committed 115008K, reserved 1179648K
  class space    used 15499K, committed 16448K, reserved 1048576K
}
Event: 33.737 GC heap before
{Heap before GC invocations=41 (full 0):
 garbage-first heap   total 140288K, used 124188K [0x0000000080000000, 0x0000000100000000)
  region size 1024K, 51 young (52224K), 5 survivors (5120K)
 Metaspace       used 115461K, committed 117376K, reserved 1179648K
  class space    used 15749K, committed 16640K, reserved 1048576K
}
Event: 33.750 GC heap after
{Heap after GC invocations=42 (full 0):
 garbage-first heap   total 141312K, used 88500K [0x0000000080000000, 0x0000000100000000)
  region size 1024K, 7 young (7168K), 7 survivors (7168K)
 Metaspace       used 115461K, committed 117376K, reserved 1179648K
  class space    used 15749K, committed 16640K, reserved 1048576K
}
Event: 35.059 GC heap before
{Heap before GC invocations=42 (full 0):
 garbage-first heap   total 141312K, used 124340K [0x0000000080000000, 0x0000000100000000)
  region size 1024K, 43 young (44032K), 7 survivors (7168K)
 Metaspace       used 120164K, committed 122048K, reserved 1179648K
  class space    used 16190K, committed 17088K, reserved 1048576K
}
Event: 35.075 GC heap after
{Heap after GC invocations=43 (full 0):
 garbage-first heap   total 141312K, used 92563K [0x0000000080000000, 0x0000000100000000)
  region size 1024K, 4 young (4096K), 4 survivors (4096K)
 Metaspace       used 120164K, committed 122048K, reserved 1179648K
  class space    used 16190K, committed 17088K, reserved 1048576K
}

